<?xml version="1.0" encoding="UTF-8"?>
<!-- Generated by org.testng.reporters.JUnitReportReporter -->
<testsuite hostname="DESKTOP-SNOS5S4" failures="0" tests="1" name="DevOpsV1.First1" time="9.570" errors="0" timestamp="2023-03-15T16:52:12 UZT" skipped="0">
  <testcase classname="DevOpsV1.First1" name="f" time="9.570"/>
  <system-out/>
</testsuite> <!-- DevOpsV1.First1 -->
